[22:03:55] [main/INFO]: Environment: authHost='https://authserver.mojang.com', accountsHost='https://api.mojang.com', sessionHost='https://sessionserver.mojang.com', servicesHost='https://api.minecraftservices.com', name='PROD'
[22:03:55] [main/INFO]: Reloading ResourceManager: Default, bukkit
[22:03:57] [Worker-Main-2/INFO]: Loaded 7 recipes
[22:03:58] [Server thread/INFO]: Starting minecraft server version 1.17.1
[22:03:58] [Server thread/INFO]: Loading properties
[22:03:58] [Server thread/INFO]: This server is running Paper version git-Paper-411 (MC: 1.17.1) (Implementing API version 1.17.1-R0.1-SNAPSHOT) (Git: 6625db3 on ver/1.17.1)
[22:03:58] [Server thread/INFO]: Server Ping Player Sample Count: 12
[22:03:58] [Server thread/INFO]: Using 4 threads for Netty based IO
[22:03:58] [Server thread/INFO]: Default game type: SURVIVAL
[22:03:58] [Server thread/INFO]: Generating keypair
[22:03:58] [Server thread/INFO]: Starting Minecraft server on *:25565
[22:03:58] [Server thread/INFO]: Using default channel type
[22:03:58] [Server thread/INFO]: Paper: Using Java 11 compression from Velocity.
[22:03:58] [Server thread/INFO]: Paper: Using Java cipher from Velocity.
[22:03:59] [Server thread/INFO]: [CocosMines] Loading CocosMines v1.0-SNAPSHOT
[22:03:59] [Server thread/INFO]: Server permissions file permissions.yml is empty, ignoring it
[22:03:59] [Server thread/INFO]: Preparing level "world"
[22:03:59] [Server thread/INFO]: Preparing start region for dimension minecraft:overworld
[22:03:59] [Server thread/INFO]: Time elapsed: 130 ms
[22:03:59] [Server thread/INFO]: Preparing start region for dimension minecraft:the_nether
[22:03:59] [Server thread/INFO]: Time elapsed: 52 ms
[22:03:59] [Server thread/INFO]: Preparing start region for dimension minecraft:the_end
[22:03:59] [Server thread/INFO]: Time elapsed: 51 ms
[22:03:59] [Server thread/INFO]: [CocosMines] Enabling CocosMines v1.0-SNAPSHOT
[22:03:59] [Server thread/INFO]: [STDOUT] [java.util.stream.ReferencePipeline$15$1] cocos
[22:03:59] [Server thread/INFO]: [STDOUT] [java.util.stream.ReferencePipeline$15$1] hen
[22:03:59] [Server thread/INFO]: [STDOUT] [java.util.stream.ReferencePipeline$15$1] mefizo
[22:03:59] [Server thread/INFO]: Running delayed init tasks
[22:03:59] [Server thread/INFO]: Done (1.427s)! For help, type "help"
[22:03:59] [Server thread/INFO]: Timings Reset
[22:04:02] [User Authenticator #1/INFO]: UUID of player KokosowyFertiz is 6e7d0bfd-c8ae-4cfa-a6a0-72749eefd365
[22:04:02] [Server thread/INFO]: KokosowyFertiz joined the game
[22:04:02] [Server thread/INFO]: KokosowyFertiz[/127.0.0.1:63865] logged in with entity id 256 at ([world]-138.9528532494866, 84.25234760044262, -166.6767815661576)
[22:04:03] [Server thread/WARN]: UUID of added entity already exists: EntityRabbit['Rabbit'/258, uuid='f97ed922-c2cb-4cf4-aa03-983abd6ca430', l='ServerLevel[world]', x=-136.41, y=72.00, z=-258.36, cpos=[-9, -17], tl=29106, v=false, rR=null]
[22:04:11] [Server thread/INFO]: KokosowyFertiz issued server command: /cocosmine create kokosik
[22:04:16] [Server thread/INFO]: KokosowyFertiz issued server command: /cocosmine panel
[22:04:24] [Async Chat Thread - #0/INFO]: <KokosowyFertiz> kokosik123XD
[22:04:25] [Server thread/INFO]: KokosowyFertiz issued server command: /cocosmine panel
[22:04:34] [Async Chat Thread - #0/INFO]: <KokosowyFertiz> kokosik
[22:04:35] [Server thread/INFO]: KokosowyFertiz issued server command: /cocosmine panel
[22:04:50] [Server thread/INFO]: KokosowyFertiz issued server command: /cocosmine panel
[22:05:03] [Async Chat Thread - #0/INFO]: <KokosowyFertiz> a
[22:05:05] [Server thread/INFO]: KokosowyFertiz issued server command: /cocosmine panel
[22:05:12] [Server thread/INFO]: KokosowyFertiz issued server command: /cocosmine panel
[22:05:22] [Server thread/INFO]: KokosowyFertiz issued server command: /cocosmine create XDXD
